<?xml version="1.0" encoding="UTF-8"?>
<!-- Generated by org.testng.reporters.JUnitReportReporter -->
<testsuite hostname="Vinay-PC" failures="0" tests="4" name="Testng.test3" time="0.014" errors="0" timestamp="2021-09-17T11:51:37 PDT" skipped="0">
  <testcase classname="Testng.test3" name="Application" time="0.007"/>
  <system-out/>
  <testcase classname="Testng.test3" name="Submit1" time="0.003"/>
  <system-out/>
  <testcase classname="Testng.test3" name="Submit2" time="0.002"/>
  <system-out/>
  <testcase classname="Testng.test3" name="Register" time="0.002"/>
  <system-out/>
</testsuite> <!-- Testng.test3 -->
