<?xml version="1.0" encoding="UTF-8"?>
<!-- Generated by org.testng.reporters.JUnitReportReporter -->
<testsuite hostname="Vinay-PC" failures="0" tests="4" name="Testng.Test1" time="0.006" errors="0" timestamp="2021-09-17T11:51:37 PDT" skipped="0">
  <testcase classname="Testng.Test1" name="test" time="0.002"/>
  <system-out/>
  <testcase classname="Testng.Test1" name="Name1" time="0.001"/>
  <system-out/>
  <testcase classname="Testng.Test1" name="Name2" time="0.002"/>
  <system-out/>
  <testcase classname="Testng.Test1" name="test2" time="0.001"/>
  <system-out/>
</testsuite> <!-- Testng.Test1 -->
