<?xml version="1.0" encoding="UTF-8"?>
<!-- Generated by org.testng.reporters.JUnitReportReporter -->
<testsuite hostname="Vinay-PC" failures="0" tests="2" name="Testng.Test2" time="0.003" errors="0" timestamp="2021-09-17T11:51:37 PDT" skipped="0">
  <testcase classname="Testng.Test2" name="method2" time="0.002"/>
  <system-out/>
  <testcase classname="Testng.Test2" name="method1" time="0.001"/>
  <system-out/>
</testsuite> <!-- Testng.Test2 -->
